<?xml version="1.0" encoding="UTF-8"?>
<testng-results ignored="0" total="1" passed="1" failed="0" skipped="0">
  <reporter-output>
  </reporter-output>
  <suite started-at="2024-04-07T22:10:04 MMT" name="Default suite" finished-at="2024-04-07T22:11:22 MMT" duration-ms="78012">
    <groups>
    </groups>
    <test started-at="2024-04-07T22:10:04 MMT" name="Default test" finished-at="2024-04-07T22:11:22 MMT" duration-ms="78012">
      <class name="UIAutomaton.SevenPeak.SearchPositionusingDropDown">
        <test-method is-config="true" signature="beforeClass()[pri:0, instance:UIAutomaton.SevenPeak.SearchPositionusingDropDown@342c38f8]" started-at="2024-04-07T22:10:04 MMT" name="beforeClass" finished-at="2024-04-07T22:10:06 MMT" duration-ms="2042" status="PASS">
          <reporter-output>
          </reporter-output>
        </test-method> <!-- beforeClass -->
        <test-method is-config="true" signature="beforeMethod()[pri:0, instance:UIAutomaton.SevenPeak.SearchPositionusingDropDown@342c38f8]" started-at="2024-04-07T22:10:07 MMT" name="beforeMethod" finished-at="2024-04-07T22:10:31 MMT" duration-ms="24532" status="PASS">
          <reporter-output>
          </reporter-output>
        </test-method> <!-- beforeMethod -->
        <test-method signature="searchCareer()[pri:0, instance:UIAutomaton.SevenPeak.SearchPositionusingDropDown@342c38f8]" started-at="2024-04-07T22:10:31 MMT" name="searchCareer" finished-at="2024-04-07T22:11:22 MMT" duration-ms="51103" status="PASS">
          <reporter-output>
          </reporter-output>
        </test-method> <!-- searchCareer -->
        <test-method is-config="true" signature="afterMethod()[pri:0, instance:UIAutomaton.SevenPeak.SearchPositionusingDropDown@342c38f8]" started-at="2024-04-07T22:11:22 MMT" name="afterMethod" finished-at="2024-04-07T22:11:22 MMT" duration-ms="1" status="PASS">
          <reporter-output>
          </reporter-output>
        </test-method> <!-- afterMethod -->
        <test-method is-config="true" signature="afterClass()[pri:0, instance:UIAutomaton.SevenPeak.SearchPositionusingDropDown@342c38f8]" started-at="2024-04-07T22:11:22 MMT" name="afterClass" finished-at="2024-04-07T22:11:22 MMT" duration-ms="283" status="PASS">
          <reporter-output>
          </reporter-output>
        </test-method> <!-- afterClass -->
      </class> <!-- UIAutomaton.SevenPeak.SearchPositionusingDropDown -->
    </test> <!-- Default test -->
  </suite> <!-- Default suite -->
</testng-results>
