<?xml version="1.0" encoding="UTF-8"?>
<testng-results ignored="0" total="1" passed="1" failed="0" skipped="0">
  <reporter-output>
  </reporter-output>
  <suite started-at="2024-04-07T21:20:12 MMT" name="Default suite" finished-at="2024-04-07T21:21:31 MMT" duration-ms="78964">
    <groups>
    </groups>
    <test started-at="2024-04-07T21:20:12 MMT" name="Default test" finished-at="2024-04-07T21:21:31 MMT" duration-ms="78964">
      <class name="UIAutomaton.SevenPeak.SearchCareer">
        <test-method is-config="true" signature="beforeClass()[pri:0, instance:UIAutomaton.SevenPeak.SearchCareer@342c38f8]" started-at="2024-04-07T21:20:12 MMT" name="beforeClass" finished-at="2024-04-07T21:20:15 MMT" duration-ms="2653" status="PASS">
          <reporter-output>
          </reporter-output>
        </test-method> <!-- beforeClass -->
        <test-method is-config="true" signature="beforeMethod()[pri:0, instance:UIAutomaton.SevenPeak.SearchCareer@342c38f8]" started-at="2024-04-07T21:20:15 MMT" name="beforeMethod" finished-at="2024-04-07T21:20:40 MMT" duration-ms="24593" status="PASS">
          <reporter-output>
          </reporter-output>
        </test-method> <!-- beforeMethod -->
        <test-method signature="searchCareer()[pri:0, instance:UIAutomaton.SevenPeak.SearchCareer@342c38f8]" started-at="2024-04-07T21:20:40 MMT" name="searchCareer" finished-at="2024-04-07T21:21:31 MMT" duration-ms="51643" status="PASS">
          <reporter-output>
          </reporter-output>
        </test-method> <!-- searchCareer -->
        <test-method is-config="true" signature="afterMethod()[pri:0, instance:UIAutomaton.SevenPeak.SearchCareer@342c38f8]" started-at="2024-04-07T21:21:31 MMT" name="afterMethod" finished-at="2024-04-07T21:21:31 MMT" duration-ms="0" status="PASS">
          <reporter-output>
          </reporter-output>
        </test-method> <!-- afterMethod -->
        <test-method is-config="true" signature="afterClass()[pri:0, instance:UIAutomaton.SevenPeak.SearchCareer@342c38f8]" started-at="2024-04-07T21:21:31 MMT" name="afterClass" finished-at="2024-04-07T21:21:31 MMT" duration-ms="1" status="PASS">
          <reporter-output>
          </reporter-output>
        </test-method> <!-- afterClass -->
      </class> <!-- UIAutomaton.SevenPeak.SearchCareer -->
    </test> <!-- Default test -->
  </suite> <!-- Default suite -->
</testng-results>
